<?xml version="1.0" encoding="UTF-8"?>
<!-- Generated by org.testng.reporters.JUnitXMLReporter -->
<testsuite ignored="3" hostname="DESKTOP-F0SEMFK" failures="1" tests="13" name="Smoke" time="0.18" errors="0" timestamp="2022-11-18T12:12:55 IST">
  <testcase classname="Test.Day1" name="sectionB" time="0.008"/>
  <testcase classname="Test.Day1" name="sectionC" time="0.006"/>
  <testcase classname="Test.Day2" name="sectionD" time="0.0">
    <failure type="org.testng.TestNGException" message="
Parameter &amp;apos;URL&amp;apos; is required by @Test on method sectionD but has not been marked @Optional or defined
in C:\Users\Jyotsana Pandey\eclipse-workspace\TestNGTutorial\testng4.xml">
      <![CDATA[org.testng.TestNGException: 
Parameter 'URL' is required by @Test on method sectionD but has not been marked @Optional or defined
in C:\Users\Jyotsana Pandey\eclipse-workspace\TestNGTutorial\testng4.xml
at java.base/java.util.ArrayList.forEach(ArrayList.java:1511)
... Removed 26 stack frames]]>
    </failure>
  </testcase> <!-- sectionD -->
  <testcase classname="Test.Day2" name="sectionF" time="0.003"/>
  <testcase classname="Test.Day3" name="sectionG" time="0.004"/>
  <testcase classname="Test.Day3" name="sectionH" time="0.002"/>
  <testcase classname="Test.Day3" name="sectionI" time="0.002"/>
  <testcase classname="Test.Day4" name="mobileHomePage" time="0.004"/>
  <testcase classname="Test.Day4" name="mobileSignIn" time="0.002"/>
  <testcase classname="Test.Day4" name="mobileSignUp" time="0.002"/>
  <testcase classname="Test.Day4" name="sectionJ" time="0.002"/>
  <testcase classname="Test.Day5" name="sectionL" time="0.011"/>
  <testcase classname="Test.Day5" name="sectionM" time="0.001"/>
  <testcase classname="Test.Day5" name="sectionK" time="0.0">
    <ignored/>
  </testcase> <!-- sectionK -->
  <testcase classname="Test.Day2" name="sectionE" time="0.0">
    <ignored/>
  </testcase> <!-- sectionE -->
  <testcase classname="Test.Day1" name="sectionA" time="0.0">
    <ignored/>
  </testcase> <!-- sectionA -->
</testsuite> <!-- Smoke -->
