<?xml version="1.0" encoding="UTF-8"?>
<testng-results ignored="0" total="2" passed="2" failed="0" skipped="0">
  <reporter-output>
  </reporter-output>
  <suite started-at="2022-12-15T18:10:25 IST" name="Default suite" finished-at="2022-12-15T18:10:26 IST" duration-ms="105">
    <groups>
    </groups>
    <test started-at="2022-12-15T18:10:25 IST" name="Default test" finished-at="2022-12-15T18:10:26 IST" duration-ms="105">
      <class name="Test2.Day7">
        <test-method signature="getOrganization()[pri:0, instance:Test2.Day7@2525ff7e]" started-at="2022-12-15T18:10:26 IST" name="getOrganization" finished-at="2022-12-15T18:10:26 IST" duration-ms="12" status="PASS">
          <reporter-output>
          </reporter-output>
        </test-method> <!-- getOrganization -->
        <test-method signature="getEmployeeId()[pri:0, instance:Test2.Day7@2525ff7e]" started-at="2022-12-15T18:10:26 IST" name="getEmployeeId" finished-at="2022-12-15T18:10:26 IST" depends-on-methods="Test2.Day7.getOrganization" duration-ms="3" status="PASS">
          <reporter-output>
          </reporter-output>
        </test-method> <!-- getEmployeeId -->
      </class> <!-- Test2.Day7 -->
    </test> <!-- Default test -->
  </suite> <!-- Default suite -->
</testng-results>
